<?xml version="1.0" encoding="UTF-8" ?>
<testsuite tests="9" failures="1" name="br.ce.wcaquino.servicos.LocacaoServiceTest" time="0.063" errors="0" skipped="0">
  <properties>
[...]
</properties>
  <testcase classname="br.ce.wcaquino.servicos.LocacaoServiceTest" name="naoDeveAlugarFilmeSemEstoque" time="0"/>
  <testcase classname="br.ce.wcaquino.servicos.LocacaoServiceTest" name="deveTratarErroNoSpc" time="0"/>
  <testcase classname="br.ce.wcaquino.servicos.LocacaoServiceTest" name="testLocacao_FilmeVazio" time="0"/>
  <testcase classname="br.ce.wcaquino.servicos.LocacaoServiceTest" name="testLocacao_usuarioVazio" time="0"/>
  <testcase classname="br.ce.wcaquino.servicos.LocacaoServiceTest" name="deveEnviarEmailParaLocacoesAtrasadas" time="0.032"/>
  <testcase classname="br.ce.wcaquino.servicos.LocacaoServiceTest" name="deveProrrogarLocacao" time="0"/>
  <testcase classname="br.ce.wcaquino.servicos.LocacaoServiceTest" name="naoDeveAlugarFilmeParaNegativadoSPC" time="0"/>
  <testcase classname="br.ce.wcaquino.servicos.LocacaoServiceTest" name="deveDevolverNaSegundaAoAlugarNosSabados" time="0.031">
    <failure message="
Expected: Segunda-feira
     but: was &lt;Sat Apr 27 14:41:02 BRT 2019&gt;" type="java.lang.AssertionError">java.lang.AssertionError: 
Expected: Segunda-feira
     but: was &lt;Sat Apr 27 14:41:02 BRT 2019&gt;
	at org.hamcrest.MatcherAssert.assertThat(MatcherAssert.java:20)
	at org.junit.Assert.assertThat(Assert.java:956)
	at org.junit.Assert.assertThat(Assert.java:923)
	at br.ce.wcaquino.servicos.LocacaoServiceTest.deveDevolverNaSegundaAoAlugarNosSabados(LocacaoServiceTest.java:130)
	at sun.reflect.NativeMethodAccessorImpl.invoke0(Native Method)
	at sun.reflect.NativeMethodAccessorImpl.invoke(NativeMethodAccessorImpl.java:62)
	at sun.reflect.DelegatingMethodAccessorImpl.invoke(DelegatingMethodAccessorImpl.java:43)
	at java.lang.reflect.Method.invoke(Method.java:498)
	at org.junit.runners.model.FrameworkMethod$1.runReflectiveCall(FrameworkMethod.java:50)
	at org.junit.internal.runners.model.ReflectiveCallable.run(ReflectiveCallable.java:12)
	at org.junit.runners.model.FrameworkMethod.invokeExplosively(FrameworkMethod.java:47)
	at org.junit.internal.runners.statements.InvokeMethod.evaluate(InvokeMethod.java:17)
	at org.junit.internal.runners.statements.RunBefores.evaluate(RunBefores.java:26)
	at org.junit.rules.Verifier$1.evaluate(Verifier.java:35)
	at org.junit.rules.ExpectedException$ExpectedExceptionStatement.evaluate(ExpectedException.java:239)
	at org.junit.rules.RunRules.evaluate(RunRules.java:20)
	at org.junit.runners.ParentRunner.runLeaf(ParentRunner.java:325)
	at org.junit.runners.BlockJUnit4ClassRunner.runChild(BlockJUnit4ClassRunner.java:78)
	at org.junit.runners.BlockJUnit4ClassRunner.runChild(BlockJUnit4ClassRunner.java:57)
	at org.junit.runners.ParentRunner$3.run(ParentRunner.java:290)
	at org.junit.runners.ParentRunner$1.schedule(ParentRunner.java:71)
	at org.junit.runners.ParentRunner.runChildren(ParentRunner.java:288)
	at org.junit.runners.ParentRunner.access$000(ParentRunner.java:58)
	at org.junit.runners.ParentRunner$2.evaluate(ParentRunner.java:268)
	at org.junit.runners.ParentRunner.run(ParentRunner.java:363)
	at org.apache.maven.surefire.junit4.JUnit4Provider.execute(JUnit4Provider.java:252)
	at org.apache.maven.surefire.junit4.JUnit4Provider.executeTestSet(JUnit4Provider.java:141)
	at org.apache.maven.surefire.junit4.JUnit4Provider.invoke(JUnit4Provider.java:112)
	at sun.reflect.NativeMethodAccessorImpl.invoke0(Native Method)
	at sun.reflect.NativeMethodAccessorImpl.invoke(NativeMethodAccessorImpl.java:62)
	at sun.reflect.DelegatingMethodAccessorImpl.invoke(DelegatingMethodAccessorImpl.java:43)
	at java.lang.reflect.Method.invoke(Method.java:498)
	at org.apache.maven.surefire.util.ReflectionUtils.invokeMethodWithArray(ReflectionUtils.java:189)
	at org.apache.maven.surefire.booter.ProviderFactory$ProviderProxy.invoke(ProviderFactory.java:165)
	at org.apache.maven.surefire.booter.ProviderFactory.invokeProvider(ProviderFactory.java:85)
	at org.apache.maven.surefire.booter.ForkedBooter.runSuitesInProcess(ForkedBooter.java:115)
	at org.apache.maven.surefire.booter.ForkedBooter.main(ForkedBooter.java:75)
</failure>
  </testcase>
  <testcase classname="br.ce.wcaquino.servicos.LocacaoServiceTest" name="deveAlugarFilme" time="0"/>
</testsuite>